<?xml version="1.0" encoding="UTF-8"?>
<testng-results skipped="0" failed="0" total="1" passed="1">
  <reporter-output>
  </reporter-output>
  <suite name="TestSuite" duration-ms="44368" started-at="2017-04-03T06:53:27Z" finished-at="2017-04-03T06:54:11Z">
    <groups>
      <group name="cucumber">
        <method signature="AbstractTestNGCucumberTests.feature(cucumber.api.testng.CucumberFeatureWrapper)[pri:0, instance:wildcraft.web.runTest@1fdc050]" name="feature" class="cucumber.api.testng.AbstractTestNGCucumberTests"/>
      </group> <!-- cucumber -->
    </groups>
    <test name="smoke" duration-ms="44368" started-at="2017-04-03T06:53:27Z" finished-at="2017-04-03T06:54:11Z">
      <class name="wildcraft.web.runTest">
        <test-method status="PASS" signature="setUpClass()[pri:0, instance:wildcraft.web.runTest@1fdc050]" name="setUpClass" is-config="true" duration-ms="344" started-at="2017-04-03T12:23:27Z" finished-at="2017-04-03T12:23:27Z">
          <reporter-output>
          </reporter-output>
        </test-method> <!-- setUpClass -->
        <test-method status="PASS" signature="feature(cucumber.api.testng.CucumberFeatureWrapper)[pri:0, instance:wildcraft.web.runTest@1fdc050]" name="feature" duration-ms="43914" started-at="2017-04-03T12:23:27Z" description="Runs Cucumber Feature" data-provider="features" finished-at="2017-04-03T12:24:11Z">
          <params>
            <param index="0">
              <value>
                <![CDATA[LOGIN]]>
              </value>
            </param>
          </params>
          <reporter-output>
          </reporter-output>
        </test-method> <!-- feature -->
        <test-method status="PASS" signature="tearDownClass()[pri:0, instance:wildcraft.web.runTest@1fdc050]" name="tearDownClass" is-config="true" duration-ms="0" started-at="2017-04-03T12:24:11Z" finished-at="2017-04-03T12:24:11Z">
          <reporter-output>
          </reporter-output>
        </test-method> <!-- tearDownClass -->
      </class> <!-- wildcraft.web.runTest -->
    </test> <!-- smoke -->
  </suite> <!-- TestSuite -->
</testng-results>
